<?xml version="1.0" encoding="UTF-8"?>
<testsuite xmlns:xsi="http://www.w3.org/2001/XMLSchema-instance" xsi:noNamespaceSchemaLocation="https://maven.apache.org/surefire/maven-surefire-plugin/xsd/surefire-test-report.xsd" name="com.atguigu.docker_boot.DockerBootApplicationTests" time="5.651" tests="1" errors="0" skipped="0" failures="0">
  <properties>
    <property name="sun.desktop" value="windows"/>
    <property name="awt.toolkit" value="sun.awt.windows.WToolkit"/>
    <property name="file.encoding.pkg" value="sun.io"/>
    <property name="java.specification.version" value="1.8"/>
    <property name="sun.cpu.isalist" value="amd64"/>
    <property name="sun.jnu.encoding" value="GBK"/>
    <property name="java.class.path" value="D:\idea\docker_boot\target\test-classes;D:\idea\docker_boot\target\classes;D:\maven-repo\com\google\guava\guava\23.0\guava-23.0.jar;D:\maven-repo\com\google\code\findbugs\jsr305\1.3.9\jsr305-1.3.9.jar;D:\maven-repo\com\google\errorprone\error_prone_annotations\2.0.18\error_prone_annotations-2.0.18.jar;D:\maven-repo\com\google\j2objc\j2objc-annotations\1.1\j2objc-annotations-1.1.jar;D:\maven-repo\org\codehaus\mojo\animal-sniffer-annotations\1.14\animal-sniffer-annotations-1.14.jar;D:\maven-repo\org\redisson\redisson\3.13.4\redisson-3.13.4.jar;D:\maven-repo\io\netty\netty-common\4.1.69.Final\netty-common-4.1.69.Final.jar;D:\maven-repo\io\netty\netty-codec\4.1.69.Final\netty-codec-4.1.69.Final.jar;D:\maven-repo\io\netty\netty-buffer\4.1.69.Final\netty-buffer-4.1.69.Final.jar;D:\maven-repo\io\netty\netty-transport\4.1.69.Final\netty-transport-4.1.69.Final.jar;D:\maven-repo\io\netty\netty-resolver\4.1.69.Final\netty-resolver-4.1.69.Final.jar;D:\maven-repo\io\netty\netty-resolver-dns\4.1.69.Final\netty-resolver-dns-4.1.69.Final.jar;D:\maven-repo\io\netty\netty-codec-dns\4.1.69.Final\netty-codec-dns-4.1.69.Final.jar;D:\maven-repo\io\netty\netty-handler\4.1.69.Final\netty-handler-4.1.69.Final.jar;D:\maven-repo\javax\cache\cache-api\1.1.1\cache-api-1.1.1.jar;D:\maven-repo\io\projectreactor\reactor-core\3.4.11\reactor-core-3.4.11.jar;D:\maven-repo\org\reactivestreams\reactive-streams\1.0.3\reactive-streams-1.0.3.jar;D:\maven-repo\io\reactivex\rxjava2\rxjava\2.2.21\rxjava-2.2.21.jar;D:\maven-repo\org\jboss\marshalling\jboss-marshalling-river\2.0.9.Final\jboss-marshalling-river-2.0.9.Final.jar;D:\maven-repo\org\jboss\marshalling\jboss-marshalling\2.0.9.Final\jboss-marshalling-2.0.9.Final.jar;D:\maven-repo\org\slf4j\slf4j-api\1.7.32\slf4j-api-1.7.32.jar;D:\maven-repo\org\yaml\snakeyaml\1.28\snakeyaml-1.28.jar;D:\maven-repo\com\fasterxml\jackson\dataformat\jackson-dataformat-yaml\2.12.5\jackson-dataformat-yaml-2.12.5.jar;D:\maven-repo\com\fasterxml\jackson\core\jackson-core\2.12.5\jackson-core-2.12.5.jar;D:\maven-repo\com\fasterxml\jackson\core\jackson-databind\2.12.5\jackson-databind-2.12.5.jar;D:\maven-repo\com\fasterxml\jackson\core\jackson-annotations\2.12.5\jackson-annotations-2.12.5.jar;D:\maven-repo\net\bytebuddy\byte-buddy\1.10.22\byte-buddy-1.10.22.jar;D:\maven-repo\org\jodd\jodd-bean\5.1.6\jodd-bean-5.1.6.jar;D:\maven-repo\org\jodd\jodd-core\5.1.6\jodd-core-5.1.6.jar;D:\maven-repo\org\springframework\boot\spring-boot-starter-web\2.5.6\spring-boot-starter-web-2.5.6.jar;D:\maven-repo\org\springframework\boot\spring-boot-starter\2.5.6\spring-boot-starter-2.5.6.jar;D:\maven-repo\org\springframework\boot\spring-boot-starter-logging\2.5.6\spring-boot-starter-logging-2.5.6.jar;D:\maven-repo\ch\qos\logback\logback-classic\1.2.6\logback-classic-1.2.6.jar;D:\maven-repo\ch\qos\logback\logback-core\1.2.6\logback-core-1.2.6.jar;D:\maven-repo\org\apache\logging\log4j\log4j-to-slf4j\2.14.1\log4j-to-slf4j-2.14.1.jar;D:\maven-repo\org\apache\logging\log4j\log4j-api\2.14.1\log4j-api-2.14.1.jar;D:\maven-repo\org\slf4j\jul-to-slf4j\1.7.32\jul-to-slf4j-1.7.32.jar;D:\maven-repo\jakarta\annotation\jakarta.annotation-api\1.3.5\jakarta.annotation-api-1.3.5.jar;D:\maven-repo\org\springframework\boot\spring-boot-starter-json\2.5.6\spring-boot-starter-json-2.5.6.jar;D:\maven-repo\com\fasterxml\jackson\datatype\jackson-datatype-jdk8\2.12.5\jackson-datatype-jdk8-2.12.5.jar;D:\maven-repo\com\fasterxml\jackson\datatype\jackson-datatype-jsr310\2.12.5\jackson-datatype-jsr310-2.12.5.jar;D:\maven-repo\com\fasterxml\jackson\module\jackson-module-parameter-names\2.12.5\jackson-module-parameter-names-2.12.5.jar;D:\maven-repo\org\springframework\boot\spring-boot-starter-tomcat\2.5.6\spring-boot-starter-tomcat-2.5.6.jar;D:\maven-repo\org\apache\tomcat\embed\tomcat-embed-core\9.0.54\tomcat-embed-core-9.0.54.jar;D:\maven-repo\org\apache\tomcat\embed\tomcat-embed-el\9.0.54\tomcat-embed-el-9.0.54.jar;D:\maven-repo\org\apache\tomcat\embed\tomcat-embed-websocket\9.0.54\tomcat-embed-websocket-9.0.54.jar;D:\maven-repo\org\springframework\spring-web\5.3.12\spring-web-5.3.12.jar;D:\maven-repo\org\springframework\spring-beans\5.3.12\spring-beans-5.3.12.jar;D:\maven-repo\org\springframework\spring-webmvc\5.3.12\spring-webmvc-5.3.12.jar;D:\maven-repo\org\springframework\spring-aop\5.3.12\spring-aop-5.3.12.jar;D:\maven-repo\org\springframework\spring-context\5.3.12\spring-context-5.3.12.jar;D:\maven-repo\org\springframework\spring-expression\5.3.12\spring-expression-5.3.12.jar;D:\maven-repo\org\springframework\boot\spring-boot-starter-actuator\2.5.6\spring-boot-starter-actuator-2.5.6.jar;D:\maven-repo\org\springframework\boot\spring-boot-actuator-autoconfigure\2.5.6\spring-boot-actuator-autoconfigure-2.5.6.jar;D:\maven-repo\org\springframework\boot\spring-boot-actuator\2.5.6\spring-boot-actuator-2.5.6.jar;D:\maven-repo\io\micrometer\micrometer-core\1.7.5\micrometer-core-1.7.5.jar;D:\maven-repo\org\hdrhistogram\HdrHistogram\2.1.12\HdrHistogram-2.1.12.jar;D:\maven-repo\org\latencyutils\LatencyUtils\2.0.3\LatencyUtils-2.0.3.jar;D:\maven-repo\io\springfox\springfox-swagger2\2.9.2\springfox-swagger2-2.9.2.jar;D:\maven-repo\io\swagger\swagger-annotations\1.5.20\swagger-annotations-1.5.20.jar;D:\maven-repo\io\swagger\swagger-models\1.5.20\swagger-models-1.5.20.jar;D:\maven-repo\io\springfox\springfox-spi\2.9.2\springfox-spi-2.9.2.jar;D:\maven-repo\io\springfox\springfox-core\2.9.2\springfox-core-2.9.2.jar;D:\maven-repo\io\springfox\springfox-schema\2.9.2\springfox-schema-2.9.2.jar;D:\maven-repo\io\springfox\springfox-swagger-common\2.9.2\springfox-swagger-common-2.9.2.jar;D:\maven-repo\io\springfox\springfox-spring-web\2.9.2\springfox-spring-web-2.9.2.jar;D:\maven-repo\com\fasterxml\classmate\1.5.1\classmate-1.5.1.jar;D:\maven-repo\org\springframework\plugin\spring-plugin-core\1.2.0.RELEASE\spring-plugin-core-1.2.0.RELEASE.jar;D:\maven-repo\org\springframework\plugin\spring-plugin-metadata\1.2.0.RELEASE\spring-plugin-metadata-1.2.0.RELEASE.jar;D:\maven-repo\org\mapstruct\mapstruct\1.2.0.Final\mapstruct-1.2.0.Final.jar;D:\maven-repo\io\springfox\springfox-swagger-ui\2.9.2\springfox-swagger-ui-2.9.2.jar;D:\maven-repo\org\springframework\boot\spring-boot-starter-data-redis\2.5.6\spring-boot-starter-data-redis-2.5.6.jar;D:\maven-repo\org\springframework\data\spring-data-redis\2.5.6\spring-data-redis-2.5.6.jar;D:\maven-repo\org\springframework\data\spring-data-keyvalue\2.5.6\spring-data-keyvalue-2.5.6.jar;D:\maven-repo\org\springframework\data\spring-data-commons\2.5.6\spring-data-commons-2.5.6.jar;D:\maven-repo\org\springframework\spring-tx\5.3.12\spring-tx-5.3.12.jar;D:\maven-repo\org\springframework\spring-oxm\5.3.12\spring-oxm-5.3.12.jar;D:\maven-repo\io\lettuce\lettuce-core\6.1.5.RELEASE\lettuce-core-6.1.5.RELEASE.jar;D:\maven-repo\org\springframework\boot\spring-boot-starter-cache\2.5.6\spring-boot-starter-cache-2.5.6.jar;D:\maven-repo\org\springframework\spring-context-support\5.3.12\spring-context-support-5.3.12.jar;D:\maven-repo\org\apache\commons\commons-pool2\2.9.0\commons-pool2-2.9.0.jar;D:\maven-repo\redis\clients\jedis\3.1.0\jedis-3.1.0.jar;D:\maven-repo\mysql\mysql-connector-java\5.1.47\mysql-connector-java-5.1.47.jar;D:\maven-repo\com\alibaba\druid-spring-boot-starter\1.1.10\druid-spring-boot-starter-1.1.10.jar;D:\maven-repo\org\springframework\boot\spring-boot-autoconfigure\2.5.6\spring-boot-autoconfigure-2.5.6.jar;D:\maven-repo\com\alibaba\druid\1.1.16\druid-1.1.16.jar;D:\maven-repo\org\mybatis\spring\boot\mybatis-spring-boot-starter\1.3.0\mybatis-spring-boot-starter-1.3.0.jar;D:\maven-repo\org\springframework\boot\spring-boot-starter-jdbc\2.5.6\spring-boot-starter-jdbc-2.5.6.jar;D:\maven-repo\com\zaxxer\HikariCP\4.0.3\HikariCP-4.0.3.jar;D:\maven-repo\org\springframework\spring-jdbc\5.3.12\spring-jdbc-5.3.12.jar;D:\maven-repo\org\mybatis\spring\boot\mybatis-spring-boot-autoconfigure\1.3.0\mybatis-spring-boot-autoconfigure-1.3.0.jar;D:\maven-repo\org\mybatis\mybatis\3.4.4\mybatis-3.4.4.jar;D:\maven-repo\org\mybatis\mybatis-spring\1.3.1\mybatis-spring-1.3.1.jar;D:\maven-repo\org\springframework\boot\spring-boot-starter-amqp\2.5.6\spring-boot-starter-amqp-2.5.6.jar;D:\maven-repo\org\springframework\spring-messaging\5.3.12\spring-messaging-5.3.12.jar;D:\maven-repo\org\springframework\amqp\spring-rabbit\2.3.11\spring-rabbit-2.3.11.jar;D:\maven-repo\org\springframework\amqp\spring-amqp\2.3.11\spring-amqp-2.3.11.jar;D:\maven-repo\org\springframework\retry\spring-retry\1.3.1\spring-retry-1.3.1.jar;D:\maven-repo\com\rabbitmq\amqp-client\5.12.0\amqp-client-5.12.0.jar;D:\maven-repo\commons-codec\commons-codec\1.10\commons-codec-1.10.jar;D:\maven-repo\cn\hutool\hutool-all\5.2.3\hutool-all-5.2.3.jar;D:\maven-repo\junit\junit\4.12\junit-4.12.jar;D:\maven-repo\org\hamcrest\hamcrest-core\2.2\hamcrest-core-2.2.jar;D:\maven-repo\org\springframework\boot\spring-boot-devtools\2.5.6\spring-boot-devtools-2.5.6.jar;D:\maven-repo\org\springframework\boot\spring-boot\2.5.6\spring-boot-2.5.6.jar;D:\maven-repo\org\springframework\boot\spring-boot-starter-test\2.5.6\spring-boot-starter-test-2.5.6.jar;D:\maven-repo\org\springframework\boot\spring-boot-test\2.5.6\spring-boot-test-2.5.6.jar;D:\maven-repo\org\springframework\boot\spring-boot-test-autoconfigure\2.5.6\spring-boot-test-autoconfigure-2.5.6.jar;D:\maven-repo\com\jayway\jsonpath\json-path\2.5.0\json-path-2.5.0.jar;D:\maven-repo\net\minidev\json-smart\2.4.7\json-smart-2.4.7.jar;D:\maven-repo\net\minidev\accessors-smart\2.4.7\accessors-smart-2.4.7.jar;D:\maven-repo\org\ow2\asm\asm\9.1\asm-9.1.jar;D:\maven-repo\jakarta\xml\bind\jakarta.xml.bind-api\2.3.3\jakarta.xml.bind-api-2.3.3.jar;D:\maven-repo\jakarta\activation\jakarta.activation-api\1.2.2\jakarta.activation-api-1.2.2.jar;D:\maven-repo\org\assertj\assertj-core\3.19.0\assertj-core-3.19.0.jar;D:\maven-repo\org\hamcrest\hamcrest\2.2\hamcrest-2.2.jar;D:\maven-repo\org\junit\jupiter\junit-jupiter\5.7.2\junit-jupiter-5.7.2.jar;D:\maven-repo\org\junit\jupiter\junit-jupiter-api\5.7.2\junit-jupiter-api-5.7.2.jar;D:\maven-repo\org\apiguardian\apiguardian-api\1.1.0\apiguardian-api-1.1.0.jar;D:\maven-repo\org\opentest4j\opentest4j\1.2.0\opentest4j-1.2.0.jar;D:\maven-repo\org\junit\platform\junit-platform-commons\1.7.2\junit-platform-commons-1.7.2.jar;D:\maven-repo\org\junit\jupiter\junit-jupiter-params\5.7.2\junit-jupiter-params-5.7.2.jar;D:\maven-repo\org\junit\jupiter\junit-jupiter-engine\5.7.2\junit-jupiter-engine-5.7.2.jar;D:\maven-repo\org\junit\platform\junit-platform-engine\1.7.2\junit-platform-engine-1.7.2.jar;D:\maven-repo\org\mockito\mockito-core\3.9.0\mockito-core-3.9.0.jar;D:\maven-repo\net\bytebuddy\byte-buddy-agent\1.10.22\byte-buddy-agent-1.10.22.jar;D:\maven-repo\org\objenesis\objenesis\3.2\objenesis-3.2.jar;D:\maven-repo\org\mockito\mockito-junit-jupiter\3.9.0\mockito-junit-jupiter-3.9.0.jar;D:\maven-repo\org\skyscreamer\jsonassert\1.5.0\jsonassert-1.5.0.jar;D:\maven-repo\com\vaadin\external\google\android-json\0.0.20131108.vaadin1\android-json-0.0.20131108.vaadin1.jar;D:\maven-repo\org\springframework\spring-core\5.3.12\spring-core-5.3.12.jar;D:\maven-repo\org\springframework\spring-jcl\5.3.12\spring-jcl-5.3.12.jar;D:\maven-repo\org\springframework\spring-test\5.3.12\spring-test-5.3.12.jar;D:\maven-repo\org\xmlunit\xmlunit-core\2.8.3\xmlunit-core-2.8.3.jar;D:\maven-repo\log4j\log4j\1.2.17\log4j-1.2.17.jar;D:\maven-repo\org\projectlombok\lombok\1.16.18\lombok-1.16.18.jar;D:\maven-repo\javax\persistence\persistence-api\1.0.2\persistence-api-1.0.2.jar;D:\maven-repo\tk\mybatis\mapper\4.1.5\mapper-4.1.5.jar;"/>
    <property name="java.vm.vendor" value="Oracle Corporation"/>
    <property name="sun.arch.data.model" value="64"/>
    <property name="user.variant" value=""/>
    <property name="java.vendor.url" value="http://java.oracle.com/"/>
    <property name="user.timezone" value="Asia/Shanghai"/>
    <property name="java.vm.specification.version" value="1.8"/>
    <property name="os.name" value="Windows 10"/>
    <property name="user.country" value="CN"/>
    <property name="sun.java.launcher" value="SUN_STANDARD"/>
    <property name="sun.boot.library.path" value="D:\BaiduNetdiskDownload\jre\bin"/>
    <property name="sun.java.command" value="C:\Users\ASUS\AppData\Local\Temp\surefire1735408930568928178\surefirebooter8068278440897596243.jar C:\Users\ASUS\AppData\Local\Temp\surefire1735408930568928178 2023-08-12T22-03-49_028-jvmRun1 surefire1642407335872136896tmp surefire_03470004772262329264tmp"/>
    <property name="surefire.test.class.path" value="D:\idea\docker_boot\target\test-classes;D:\idea\docker_boot\target\classes;D:\maven-repo\com\google\guava\guava\23.0\guava-23.0.jar;D:\maven-repo\com\google\code\findbugs\jsr305\1.3.9\jsr305-1.3.9.jar;D:\maven-repo\com\google\errorprone\error_prone_annotations\2.0.18\error_prone_annotations-2.0.18.jar;D:\maven-repo\com\google\j2objc\j2objc-annotations\1.1\j2objc-annotations-1.1.jar;D:\maven-repo\org\codehaus\mojo\animal-sniffer-annotations\1.14\animal-sniffer-annotations-1.14.jar;D:\maven-repo\org\redisson\redisson\3.13.4\redisson-3.13.4.jar;D:\maven-repo\io\netty\netty-common\4.1.69.Final\netty-common-4.1.69.Final.jar;D:\maven-repo\io\netty\netty-codec\4.1.69.Final\netty-codec-4.1.69.Final.jar;D:\maven-repo\io\netty\netty-buffer\4.1.69.Final\netty-buffer-4.1.69.Final.jar;D:\maven-repo\io\netty\netty-transport\4.1.69.Final\netty-transport-4.1.69.Final.jar;D:\maven-repo\io\netty\netty-resolver\4.1.69.Final\netty-resolver-4.1.69.Final.jar;D:\maven-repo\io\netty\netty-resolver-dns\4.1.69.Final\netty-resolver-dns-4.1.69.Final.jar;D:\maven-repo\io\netty\netty-codec-dns\4.1.69.Final\netty-codec-dns-4.1.69.Final.jar;D:\maven-repo\io\netty\netty-handler\4.1.69.Final\netty-handler-4.1.69.Final.jar;D:\maven-repo\javax\cache\cache-api\1.1.1\cache-api-1.1.1.jar;D:\maven-repo\io\projectreactor\reactor-core\3.4.11\reactor-core-3.4.11.jar;D:\maven-repo\org\reactivestreams\reactive-streams\1.0.3\reactive-streams-1.0.3.jar;D:\maven-repo\io\reactivex\rxjava2\rxjava\2.2.21\rxjava-2.2.21.jar;D:\maven-repo\org\jboss\marshalling\jboss-marshalling-river\2.0.9.Final\jboss-marshalling-river-2.0.9.Final.jar;D:\maven-repo\org\jboss\marshalling\jboss-marshalling\2.0.9.Final\jboss-marshalling-2.0.9.Final.jar;D:\maven-repo\org\slf4j\slf4j-api\1.7.32\slf4j-api-1.7.32.jar;D:\maven-repo\org\yaml\snakeyaml\1.28\snakeyaml-1.28.jar;D:\maven-repo\com\fasterxml\jackson\dataformat\jackson-dataformat-yaml\2.12.5\jackson-dataformat-yaml-2.12.5.jar;D:\maven-repo\com\fasterxml\jackson\core\jackson-core\2.12.5\jackson-core-2.12.5.jar;D:\maven-repo\com\fasterxml\jackson\core\jackson-databind\2.12.5\jackson-databind-2.12.5.jar;D:\maven-repo\com\fasterxml\jackson\core\jackson-annotations\2.12.5\jackson-annotations-2.12.5.jar;D:\maven-repo\net\bytebuddy\byte-buddy\1.10.22\byte-buddy-1.10.22.jar;D:\maven-repo\org\jodd\jodd-bean\5.1.6\jodd-bean-5.1.6.jar;D:\maven-repo\org\jodd\jodd-core\5.1.6\jodd-core-5.1.6.jar;D:\maven-repo\org\springframework\boot\spring-boot-starter-web\2.5.6\spring-boot-starter-web-2.5.6.jar;D:\maven-repo\org\springframework\boot\spring-boot-starter\2.5.6\spring-boot-starter-2.5.6.jar;D:\maven-repo\org\springframework\boot\spring-boot-starter-logging\2.5.6\spring-boot-starter-logging-2.5.6.jar;D:\maven-repo\ch\qos\logback\logback-classic\1.2.6\logback-classic-1.2.6.jar;D:\maven-repo\ch\qos\logback\logback-core\1.2.6\logback-core-1.2.6.jar;D:\maven-repo\org\apache\logging\log4j\log4j-to-slf4j\2.14.1\log4j-to-slf4j-2.14.1.jar;D:\maven-repo\org\apache\logging\log4j\log4j-api\2.14.1\log4j-api-2.14.1.jar;D:\maven-repo\org\slf4j\jul-to-slf4j\1.7.32\jul-to-slf4j-1.7.32.jar;D:\maven-repo\jakarta\annotation\jakarta.annotation-api\1.3.5\jakarta.annotation-api-1.3.5.jar;D:\maven-repo\org\springframework\boot\spring-boot-starter-json\2.5.6\spring-boot-starter-json-2.5.6.jar;D:\maven-repo\com\fasterxml\jackson\datatype\jackson-datatype-jdk8\2.12.5\jackson-datatype-jdk8-2.12.5.jar;D:\maven-repo\com\fasterxml\jackson\datatype\jackson-datatype-jsr310\2.12.5\jackson-datatype-jsr310-2.12.5.jar;D:\maven-repo\com\fasterxml\jackson\module\jackson-module-parameter-names\2.12.5\jackson-module-parameter-names-2.12.5.jar;D:\maven-repo\org\springframework\boot\spring-boot-starter-tomcat\2.5.6\spring-boot-starter-tomcat-2.5.6.jar;D:\maven-repo\org\apache\tomcat\embed\tomcat-embed-core\9.0.54\tomcat-embed-core-9.0.54.jar;D:\maven-repo\org\apache\tomcat\embed\tomcat-embed-el\9.0.54\tomcat-embed-el-9.0.54.jar;D:\maven-repo\org\apache\tomcat\embed\tomcat-embed-websocket\9.0.54\tomcat-embed-websocket-9.0.54.jar;D:\maven-repo\org\springframework\spring-web\5.3.12\spring-web-5.3.12.jar;D:\maven-repo\org\springframework\spring-beans\5.3.12\spring-beans-5.3.12.jar;D:\maven-repo\org\springframework\spring-webmvc\5.3.12\spring-webmvc-5.3.12.jar;D:\maven-repo\org\springframework\spring-aop\5.3.12\spring-aop-5.3.12.jar;D:\maven-repo\org\springframework\spring-context\5.3.12\spring-context-5.3.12.jar;D:\maven-repo\org\springframework\spring-expression\5.3.12\spring-expression-5.3.12.jar;D:\maven-repo\org\springframework\boot\spring-boot-starter-actuator\2.5.6\spring-boot-starter-actuator-2.5.6.jar;D:\maven-repo\org\springframework\boot\spring-boot-actuator-autoconfigure\2.5.6\spring-boot-actuator-autoconfigure-2.5.6.jar;D:\maven-repo\org\springframework\boot\spring-boot-actuator\2.5.6\spring-boot-actuator-2.5.6.jar;D:\maven-repo\io\micrometer\micrometer-core\1.7.5\micrometer-core-1.7.5.jar;D:\maven-repo\org\hdrhistogram\HdrHistogram\2.1.12\HdrHistogram-2.1.12.jar;D:\maven-repo\org\latencyutils\LatencyUtils\2.0.3\LatencyUtils-2.0.3.jar;D:\maven-repo\io\springfox\springfox-swagger2\2.9.2\springfox-swagger2-2.9.2.jar;D:\maven-repo\io\swagger\swagger-annotations\1.5.20\swagger-annotations-1.5.20.jar;D:\maven-repo\io\swagger\swagger-models\1.5.20\swagger-models-1.5.20.jar;D:\maven-repo\io\springfox\springfox-spi\2.9.2\springfox-spi-2.9.2.jar;D:\maven-repo\io\springfox\springfox-core\2.9.2\springfox-core-2.9.2.jar;D:\maven-repo\io\springfox\springfox-schema\2.9.2\springfox-schema-2.9.2.jar;D:\maven-repo\io\springfox\springfox-swagger-common\2.9.2\springfox-swagger-common-2.9.2.jar;D:\maven-repo\io\springfox\springfox-spring-web\2.9.2\springfox-spring-web-2.9.2.jar;D:\maven-repo\com\fasterxml\classmate\1.5.1\classmate-1.5.1.jar;D:\maven-repo\org\springframework\plugin\spring-plugin-core\1.2.0.RELEASE\spring-plugin-core-1.2.0.RELEASE.jar;D:\maven-repo\org\springframework\plugin\spring-plugin-metadata\1.2.0.RELEASE\spring-plugin-metadata-1.2.0.RELEASE.jar;D:\maven-repo\org\mapstruct\mapstruct\1.2.0.Final\mapstruct-1.2.0.Final.jar;D:\maven-repo\io\springfox\springfox-swagger-ui\2.9.2\springfox-swagger-ui-2.9.2.jar;D:\maven-repo\org\springframework\boot\spring-boot-starter-data-redis\2.5.6\spring-boot-starter-data-redis-2.5.6.jar;D:\maven-repo\org\springframework\data\spring-data-redis\2.5.6\spring-data-redis-2.5.6.jar;D:\maven-repo\org\springframework\data\spring-data-keyvalue\2.5.6\spring-data-keyvalue-2.5.6.jar;D:\maven-repo\org\springframework\data\spring-data-commons\2.5.6\spring-data-commons-2.5.6.jar;D:\maven-repo\org\springframework\spring-tx\5.3.12\spring-tx-5.3.12.jar;D:\maven-repo\org\springframework\spring-oxm\5.3.12\spring-oxm-5.3.12.jar;D:\maven-repo\io\lettuce\lettuce-core\6.1.5.RELEASE\lettuce-core-6.1.5.RELEASE.jar;D:\maven-repo\org\springframework\boot\spring-boot-starter-cache\2.5.6\spring-boot-starter-cache-2.5.6.jar;D:\maven-repo\org\springframework\spring-context-support\5.3.12\spring-context-support-5.3.12.jar;D:\maven-repo\org\apache\commons\commons-pool2\2.9.0\commons-pool2-2.9.0.jar;D:\maven-repo\redis\clients\jedis\3.1.0\jedis-3.1.0.jar;D:\maven-repo\mysql\mysql-connector-java\5.1.47\mysql-connector-java-5.1.47.jar;D:\maven-repo\com\alibaba\druid-spring-boot-starter\1.1.10\druid-spring-boot-starter-1.1.10.jar;D:\maven-repo\org\springframework\boot\spring-boot-autoconfigure\2.5.6\spring-boot-autoconfigure-2.5.6.jar;D:\maven-repo\com\alibaba\druid\1.1.16\druid-1.1.16.jar;D:\maven-repo\org\mybatis\spring\boot\mybatis-spring-boot-starter\1.3.0\mybatis-spring-boot-starter-1.3.0.jar;D:\maven-repo\org\springframework\boot\spring-boot-starter-jdbc\2.5.6\spring-boot-starter-jdbc-2.5.6.jar;D:\maven-repo\com\zaxxer\HikariCP\4.0.3\HikariCP-4.0.3.jar;D:\maven-repo\org\springframework\spring-jdbc\5.3.12\spring-jdbc-5.3.12.jar;D:\maven-repo\org\mybatis\spring\boot\mybatis-spring-boot-autoconfigure\1.3.0\mybatis-spring-boot-autoconfigure-1.3.0.jar;D:\maven-repo\org\mybatis\mybatis\3.4.4\mybatis-3.4.4.jar;D:\maven-repo\org\mybatis\mybatis-spring\1.3.1\mybatis-spring-1.3.1.jar;D:\maven-repo\org\springframework\boot\spring-boot-starter-amqp\2.5.6\spring-boot-starter-amqp-2.5.6.jar;D:\maven-repo\org\springframework\spring-messaging\5.3.12\spring-messaging-5.3.12.jar;D:\maven-repo\org\springframework\amqp\spring-rabbit\2.3.11\spring-rabbit-2.3.11.jar;D:\maven-repo\org\springframework\amqp\spring-amqp\2.3.11\spring-amqp-2.3.11.jar;D:\maven-repo\org\springframework\retry\spring-retry\1.3.1\spring-retry-1.3.1.jar;D:\maven-repo\com\rabbitmq\amqp-client\5.12.0\amqp-client-5.12.0.jar;D:\maven-repo\commons-codec\commons-codec\1.10\commons-codec-1.10.jar;D:\maven-repo\cn\hutool\hutool-all\5.2.3\hutool-all-5.2.3.jar;D:\maven-repo\junit\junit\4.12\junit-4.12.jar;D:\maven-repo\org\hamcrest\hamcrest-core\2.2\hamcrest-core-2.2.jar;D:\maven-repo\org\springframework\boot\spring-boot-devtools\2.5.6\spring-boot-devtools-2.5.6.jar;D:\maven-repo\org\springframework\boot\spring-boot\2.5.6\spring-boot-2.5.6.jar;D:\maven-repo\org\springframework\boot\spring-boot-starter-test\2.5.6\spring-boot-starter-test-2.5.6.jar;D:\maven-repo\org\springframework\boot\spring-boot-test\2.5.6\spring-boot-test-2.5.6.jar;D:\maven-repo\org\springframework\boot\spring-boot-test-autoconfigure\2.5.6\spring-boot-test-autoconfigure-2.5.6.jar;D:\maven-repo\com\jayway\jsonpath\json-path\2.5.0\json-path-2.5.0.jar;D:\maven-repo\net\minidev\json-smart\2.4.7\json-smart-2.4.7.jar;D:\maven-repo\net\minidev\accessors-smart\2.4.7\accessors-smart-2.4.7.jar;D:\maven-repo\org\ow2\asm\asm\9.1\asm-9.1.jar;D:\maven-repo\jakarta\xml\bind\jakarta.xml.bind-api\2.3.3\jakarta.xml.bind-api-2.3.3.jar;D:\maven-repo\jakarta\activation\jakarta.activation-api\1.2.2\jakarta.activation-api-1.2.2.jar;D:\maven-repo\org\assertj\assertj-core\3.19.0\assertj-core-3.19.0.jar;D:\maven-repo\org\hamcrest\hamcrest\2.2\hamcrest-2.2.jar;D:\maven-repo\org\junit\jupiter\junit-jupiter\5.7.2\junit-jupiter-5.7.2.jar;D:\maven-repo\org\junit\jupiter\junit-jupiter-api\5.7.2\junit-jupiter-api-5.7.2.jar;D:\maven-repo\org\apiguardian\apiguardian-api\1.1.0\apiguardian-api-1.1.0.jar;D:\maven-repo\org\opentest4j\opentest4j\1.2.0\opentest4j-1.2.0.jar;D:\maven-repo\org\junit\platform\junit-platform-commons\1.7.2\junit-platform-commons-1.7.2.jar;D:\maven-repo\org\junit\jupiter\junit-jupiter-params\5.7.2\junit-jupiter-params-5.7.2.jar;D:\maven-repo\org\junit\jupiter\junit-jupiter-engine\5.7.2\junit-jupiter-engine-5.7.2.jar;D:\maven-repo\org\junit\platform\junit-platform-engine\1.7.2\junit-platform-engine-1.7.2.jar;D:\maven-repo\org\mockito\mockito-core\3.9.0\mockito-core-3.9.0.jar;D:\maven-repo\net\bytebuddy\byte-buddy-agent\1.10.22\byte-buddy-agent-1.10.22.jar;D:\maven-repo\org\objenesis\objenesis\3.2\objenesis-3.2.jar;D:\maven-repo\org\mockito\mockito-junit-jupiter\3.9.0\mockito-junit-jupiter-3.9.0.jar;D:\maven-repo\org\skyscreamer\jsonassert\1.5.0\jsonassert-1.5.0.jar;D:\maven-repo\com\vaadin\external\google\android-json\0.0.20131108.vaadin1\android-json-0.0.20131108.vaadin1.jar;D:\maven-repo\org\springframework\spring-core\5.3.12\spring-core-5.3.12.jar;D:\maven-repo\org\springframework\spring-jcl\5.3.12\spring-jcl-5.3.12.jar;D:\maven-repo\org\springframework\spring-test\5.3.12\spring-test-5.3.12.jar;D:\maven-repo\org\xmlunit\xmlunit-core\2.8.3\xmlunit-core-2.8.3.jar;D:\maven-repo\log4j\log4j\1.2.17\log4j-1.2.17.jar;D:\maven-repo\org\projectlombok\lombok\1.16.18\lombok-1.16.18.jar;D:\maven-repo\javax\persistence\persistence-api\1.0.2\persistence-api-1.0.2.jar;D:\maven-repo\tk\mybatis\mapper\4.1.5\mapper-4.1.5.jar;"/>
    <property name="sun.cpu.endian" value="little"/>
    <property name="user.home" value="C:\Users\ASUS"/>
    <property name="user.language" value="zh"/>
    <property name="java.specification.vendor" value="Oracle Corporation"/>
    <property name="java.home" value="D:\BaiduNetdiskDownload\jre"/>
    <property name="basedir" value="D:\idea\docker_boot"/>
    <property name="file.separator" value="\"/>
    <property name="line.separator" value="&#10;"/>
    <property name="java.vm.specification.vendor" value="Oracle Corporation"/>
    <property name="java.specification.name" value="Java Platform API Specification"/>
    <property name="java.awt.graphicsenv" value="sun.awt.Win32GraphicsEnvironment"/>
    <property name="surefire.real.class.path" value="C:\Users\ASUS\AppData\Local\Temp\surefire1735408930568928178\surefirebooter8068278440897596243.jar"/>
    <property name="sun.boot.class.path" value="D:\BaiduNetdiskDownload\jre\lib\resources.jar;D:\BaiduNetdiskDownload\jre\lib\rt.jar;D:\BaiduNetdiskDownload\jre\lib\sunrsasign.jar;D:\BaiduNetdiskDownload\jre\lib\jsse.jar;D:\BaiduNetdiskDownload\jre\lib\jce.jar;D:\BaiduNetdiskDownload\jre\lib\charsets.jar;D:\BaiduNetdiskDownload\jre\lib\jfr.jar;D:\BaiduNetdiskDownload\jre\classes"/>
    <property name="user.script" value=""/>
    <property name="sun.management.compiler" value="HotSpot 64-Bit Tiered Compilers"/>
    <property name="java.runtime.version" value="1.8.0_131-b11"/>
    <property name="user.name" value="ASUS"/>
    <property name="path.separator" value=";"/>
    <property name="os.version" value="10.0"/>
    <property name="java.endorsed.dirs" value="D:\BaiduNetdiskDownload\jre\lib\endorsed"/>
    <property name="java.runtime.name" value="Java(TM) SE Runtime Environment"/>
    <property name="file.encoding" value="GBK"/>
    <property name="java.vm.name" value="Java HotSpot(TM) 64-Bit Server VM"/>
    <property name="localRepository" value="D:\maven-repo"/>
    <property name="java.vendor.url.bug" value="http://bugreport.sun.com/bugreport/"/>
    <property name="java.io.tmpdir" value="C:\Users\ASUS\AppData\Local\Temp\"/>
    <property name="idea.version" value="2020.2"/>
    <property name="java.version" value="1.8.0_131"/>
    <property name="user.dir" value="D:\idea\docker_boot"/>
    <property name="os.arch" value="amd64"/>
    <property name="java.vm.specification.name" value="Java Virtual Machine Specification"/>
    <property name="java.awt.printerjob" value="sun.awt.windows.WPrinterJob"/>
    <property name="sun.os.patch.level" value=""/>
    <property name="java.library.path" value="D:\BaiduNetdiskDownload\jre\bin;C:\WINDOWS\Sun\Java\bin;C:\WINDOWS\system32;C:\WINDOWS;C:\Program Files\Microsoft MPI\Bin\;C:\Windows\system32;C:\Windows;C:\Windows\System32\Wbem;C:\Windows\System32\WindowsPowerShell\v1.0\;C:\Windows\System32\OpenSSH\;C:\Program Files (x86)\NVIDIA Corporation\PhysX\Common;C:\WINDOWS\system32;C:\WINDOWS;C:\WINDOWS\System32\Wbem;C:\WINDOWS\System32\WindowsPowerShell\v1.0\;C:\WINDOWS\System32\OpenSSH\;D:\apache-maven-3.6.3\bin;C:\Program Files\dotnet\;C:\Program Files (x86)\Microsoft SQL Server\160\Tools\Binn\;C:\Program Files\Microsoft SQL Server\160\Tools\Binn\;C:\Program Files\Microsoft SQL Server\Client SDK\ODBC\170\Tools\Binn\;C:\Program Files\Microsoft SQL Server\160\DTS\Binn\;C:\Program Files (x86)\Microsoft SQL Server\160\DTS\Binn\;C:\Program Files\Azure Data Studio\bin;C:\Program Files\Microsoft SQL Server\150\Tools\Binn\;D:\MySQL\mysql-5.7.19-winx64\bin;C:\Users\ASUS\AppData\Local\Microsoft\WindowsApps;D:\BaiduNetdiskDownload\bin;C:\Users\ASUS\.dotnet\tools;C:\Program Files\Azure Data Studio\bin;."/>
    <property name="java.vm.info" value="mixed mode"/>
    <property name="java.vendor" value="Oracle Corporation"/>
    <property name="java.vm.version" value="25.131-b11"/>
    <property name="java.ext.dirs" value="D:\BaiduNetdiskDownload\jre\lib\ext;C:\WINDOWS\Sun\Java\lib\ext"/>
    <property name="sun.io.unicode.encoding" value="UnicodeLittle"/>
    <property name="maven.repo.local" value="D:\maven-repo"/>
    <property name="java.class.version" value="52.0"/>
  </properties>
  <testcase name="contextLoads" classname="com.atguigu.docker_boot.DockerBootApplicationTests" time="0.157"/>
</testsuite>